0 silly argv {
0 silly argv   _: [ 'run' ],
0 silly argv   parallel: true,
0 silly argv   lernaVersion: '4.0.0',
0 silly argv   '$0': '/Users/justasbartka/planning-chess/node_modules/.bin/lerna',
0 silly argv   script: 'dev'
0 silly argv }
1 notice cli v4.0.0
2 verbose rootPath /Users/justasbartka/planning-chess
3 error JSONError: Unexpected token "<" (0x3C) in JSON at position 1017 while parsing near "...xpress\": \"^4.17.1\",\n<<<<<<< HEAD\n    \"jo..." in services/api/package.json
3 error
3 error [0m [90m 25 |[39m     [32m"dotenv"[39m[33m:[39m [32m"^8.2.0"[39m[33m,[39m[0m
3 error [0m [90m 26 |[39m     [32m"express"[39m[33m:[39m [32m"^4.17.1"[39m[33m,[39m[0m
3 error [0m[31m[1m>[22m[39m[90m 27 |[39m [33m<<[39m[33m<<[39m[33m<<[39m[33m<[39m [33mHEAD[39m[0m
3 error [0m [90m    |[39m [31m[1m^[22m[39m[0m
3 error [0m [90m 28 |[39m     [32m"joi"[39m[33m:[39m [32m"^17.5.0"[39m[0m
3 error [0m [90m 29 |[39m [33m===[39m[33m===[39m[33m=[39m[0m
3 error [0m [90m 30 |[39m     [32m"express-ws"[39m[33m:[39m [32m"^5.0.2"[39m[33m,[39m[0m
3 error
3 error     at parseJson (/Users/justasbartka/planning-chess/node_modules/parse-json/index.js:29:21)
3 error     at parse (/Users/justasbartka/planning-chess/node_modules/load-json-file/index.js:15:9)
3 error     at module.exports (/Users/justasbartka/planning-chess/node_modules/load-json-file/index.js:18:47)
